<?xml version="1.0" encoding="UTF-8"?>
<!-- Generated by org.testng.reporters.JUnitReportReporter -->
<testsuite hostname="LAPTOP-2TLK4OJJ" failures="1" tests="1" name="cucumberOptions.TestRunner" time="10.320" errors="0" timestamp="2022-12-03T01:24:23 IST" skipped="0">
  <testcase classname="cucumberOptions.TestRunner" name="runScenario" time="10.320">
    <failure message="StepFail: Login unsuccessful expected [true] but found [false]" type="java.lang.AssertionError">
      <![CDATA[java.lang.AssertionError: StepFail: Login unsuccessful expected [true] but found [false]
at org.testng.Assert.fail(Assert.java:99)
at org.testng.Assert.failNotEquals(Assert.java:1037)
at org.testng.Assert.assertTrue(Assert.java:45)
at stepDefinitions.StepDefinition.login_success_is_something(StepDefinition.java:84)
at âœ½.Login success is "true"(file:///C:/Mayur/JulyMorning/E2EFramework/src/test/java/features/OrangeHRMLogin.feature:12)
]]>
    </failure>
  </testcase> <!-- runScenario -->
  <system-out/>
</testsuite> <!-- cucumberOptions.TestRunner -->
