<?xml version="1.0" encoding="UTF-8"?>
<!-- Generated by org.testng.reporters.JUnitXMLReporter -->
<testsuite ignored="0" hostname="LAPTOP-2TLK4OJJ" failures="1" tests="1" name="Default test" time="10.841" errors="0" timestamp="2022-12-03T01:24:23 IST">
  <testcase classname="io.cucumber.testng.AbstractTestNGCucumberTests" name="runScenario" time="10.32">
    <failure type="java.lang.AssertionError" message="StepFail: Login unsuccessful expected [true] but found [false]">
      <![CDATA[java.lang.AssertionError: StepFail: Login unsuccessful expected [true] but found [false]
at org.testng.Assert.fail(Assert.java:99)
at org.testng.Assert.failNotEquals(Assert.java:1037)
at org.testng.Assert.assertTrue(Assert.java:45)
at stepDefinitions.StepDefinition.login_success_is_something(StepDefinition.java:84)
at âœ½.Login success is "true"(file:///C:/Mayur/JulyMorning/E2EFramework/src/test/java/features/OrangeHRMLogin.feature:12)
]]>
    </failure>
  </testcase> <!-- runScenario -->
</testsuite> <!-- Default test -->
